<?xml version="1.0" encoding="UTF-8"?>
<testsuite name="com.smilekbear.portfolio.PortfolioApplicationTests" tests="1" skipped="0" failures="0" errors="0" timestamp="2026-01-09T07:20:18.413Z" hostname="gimdonghyeon-ui-MacBookPro.local" time="0.303">
  <properties/>
  <testcase name="contextLoads()" classname="com.smilekbear.portfolio.PortfolioApplicationTests" time="0.303"/>
  <system-out><![CDATA[16:20:15.401 [Test worker] INFO org.springframework.test.context.support.AnnotationConfigContextLoaderUtils -- Could not detect default configuration classes for test class [com.smilekbear.portfolio.PortfolioApplicationTests]: PortfolioApplicationTests does not declare any static, non-private, non-final, nested classes annotated with @Configuration.
16:20:15.447 [Test worker] INFO org.springframework.boot.test.context.SpringBootTestContextBootstrapper -- Found @SpringBootConfiguration com.smilekbear.portfolio.PortfolioApplication for test class com.smilekbear.portfolio.PortfolioApplicationTests

  .   ____          _            __ _ _
 /\\ / ___'_ __ _ _(_)_ __  __ _ \ \ \ \
( ( )\___ | '_ | '_| | '_ \/ _` | \ \ \ \
 \\/  ___)| |_)| | | | | || (_| |  ) ) ) )
  '  |____| .__|_| |_|_| |_\__, | / / / /
 =========|_|==============|___/=/_/_/_/

 :: Spring Boot ::                (v4.0.0)

2026-01-09T16:20:15.611+09:00  INFO 60304 --- [portfolio] [    Test worker] c.s.portfolio.PortfolioApplicationTests  : Starting PortfolioApplicationTests using Java 17.0.12 with PID 60304 (started by gimdonghyeon in /Users/gimdonghyeon/Documents/personal/local/server_portfolio)
2026-01-09T16:20:15.612+09:00  INFO 60304 --- [portfolio] [    Test worker] c.s.portfolio.PortfolioApplicationTests  : No active profile set, falling back to 1 default profile: "default"
2026-01-09T16:20:15.874+09:00  INFO 60304 --- [portfolio] [    Test worker] .s.d.r.c.RepositoryConfigurationDelegate : Bootstrapping Spring Data JPA repositories in DEFAULT mode.
2026-01-09T16:20:15.909+09:00  INFO 60304 --- [portfolio] [    Test worker] .s.d.r.c.RepositoryConfigurationDelegate : Finished Spring Data repository scanning in 30 ms. Found 5 JPA repository interfaces.
2026-01-09T16:20:16.093+09:00  INFO 60304 --- [portfolio] [    Test worker] o.hibernate.jpa.internal.util.LogHelper  : HHH000204: Processing PersistenceUnitInfo [name: default]
2026-01-09T16:20:16.114+09:00  INFO 60304 --- [portfolio] [    Test worker] org.hibernate.Version                    : HHH000412: Hibernate ORM core version 7.1.8.Final
2026-01-09T16:20:16.311+09:00  INFO 60304 --- [portfolio] [    Test worker] o.s.o.j.p.SpringPersistenceUnitInfo      : No LoadTimeWeaver setup: ignoring JPA class transformer
2026-01-09T16:20:16.328+09:00  INFO 60304 --- [portfolio] [    Test worker] com.zaxxer.hikari.HikariDataSource       : HikariPool-1 - Starting...
2026-01-09T16:20:16.612+09:00  INFO 60304 --- [portfolio] [    Test worker] com.zaxxer.hikari.pool.HikariPool        : HikariPool-1 - Added connection org.postgresql.jdbc.PgConnection@2435c6ae
2026-01-09T16:20:16.613+09:00  INFO 60304 --- [portfolio] [    Test worker] com.zaxxer.hikari.HikariDataSource       : HikariPool-1 - Start completed.
2026-01-09T16:20:16.648+09:00  WARN 60304 --- [portfolio] [    Test worker] org.hibernate.orm.deprecation            : HHH90000025: PostgreSQLDialect does not need to be specified explicitly using 'hibernate.dialect' (remove the property setting and it will be selected by default)
2026-01-09T16:20:16.701+09:00  INFO 60304 --- [portfolio] [    Test worker] org.hibernate.orm.connections.pooling    : HHH10001005: Database info:
	Database JDBC URL [jdbc:postgresql://localhost:5432/portfolio_db]
	Database driver: PostgreSQL JDBC Driver
	Database dialect: PostgreSQLDialect
	Database version: 16.11
	Default catalog/schema: portfolio_db/public
	Autocommit mode: undefined/unknown
	Isolation level: READ_COMMITTED [default READ_COMMITTED]
	JDBC fetch size: none
	Pool: DatasourceConnectionProviderImpl
	Minimum pool size: undefined/unknown
	Maximum pool size: undefined/unknown
2026-01-09T16:20:17.120+09:00  INFO 60304 --- [portfolio] [    Test worker] o.h.e.t.j.p.i.JtaPlatformInitiator       : HHH000489: No JTA platform available (set 'hibernate.transaction.jta.platform' to enable JTA platform integration)
2026-01-09T16:20:17.254+09:00  INFO 60304 --- [portfolio] [    Test worker] j.LocalContainerEntityManagerFactoryBean : Initialized JPA EntityManagerFactory for persistence unit 'default'
2026-01-09T16:20:17.425+09:00  INFO 60304 --- [portfolio] [    Test worker] o.s.d.j.r.query.QueryEnhancerFactories   : Hibernate is in classpath; If applicable, HQL parser will be used.
2026-01-09T16:20:18.209+09:00  WARN 60304 --- [portfolio] [    Test worker] JpaBaseConfiguration$JpaWebConfiguration : spring.jpa.open-in-view is enabled by default. Therefore, database queries may be performed during view rendering. Explicitly configure spring.jpa.open-in-view to disable this warning
2026-01-09T16:20:18.406+09:00  INFO 60304 --- [portfolio] [    Test worker] c.s.portfolio.PortfolioApplicationTests  : Started PortfolioApplicationTests in 2.901 seconds (process running for 3.469)
]]></system-out>
  <system-err><![CDATA[]]></system-err>
</testsuite>
